c:\users\ncoyle\downloads\c++ class files\cppassign5-master\debug\vc141.pdb
c:\users\ncoyle\downloads\c++ class files\cppassign5-master\debug\vc141.idb
c:\users\ncoyle\downloads\c++ class files\cppassign5-master\debug\pointtest.obj
c:\users\ncoyle\downloads\c++ class files\cppassign5-master\debug\ranged_numbertest.obj
c:\users\ncoyle\downloads\c++ class files\cppassign5-master\debug\scene.obj
c:\users\ncoyle\downloads\c++ class files\cppassign5-master\debug\scenereader.obj
c:\users\ncoyle\downloads\c++ class files\cppassign5-master\debug\scenereadertest.obj
c:\users\ncoyle\downloads\c++ class files\cppassign5-master\debug\scenetest.obj
c:\users\ncoyle\downloads\c++ class files\cppassign5-master\debug\test.obj
c:\users\ncoyle\downloads\c++ class files\cppassign5-master\debug\testregistry.obj
c:\users\ncoyle\downloads\c++ class files\cppassign5-master\debug\testresult.obj
c:\users\ncoyle\downloads\c++ class files\cppassign5-master\debug\tinyxml2.obj
c:\users\ncoyle\downloads\c++ class files\cppassign5-master\debug\vectorgraphic.obj
c:\users\ncoyle\downloads\c++ class files\cppassign5-master\debug\vectorgraphictest.obj
c:\users\ncoyle\downloads\c++ class files\cppassign5-master\debug\verifyequalitytest.obj
c:\users\ncoyle\downloads\c++ class files\cppassign5-master\debug\windowsbitmapdecoder.obj
c:\users\ncoyle\downloads\c++ class files\cppassign5-master\debug\windowsbitmapencoder.obj
c:\users\ncoyle\downloads\c++ class files\cppassign5-master\debug\windowsbitmapheader.obj
c:\users\ncoyle\downloads\c++ class files\cppassign5-master\debug\windowsbitmapheadertest.obj
c:\users\ncoyle\downloads\c++ class files\cppassign5-master\debug\xmlfactories.obj
c:\users\ncoyle\downloads\c++ class files\cppassign5-master\debug\xmlreader.obj
c:\users\ncoyle\downloads\c++ class files\cppassign5-master\debug\xmlreadertest.obj
c:\users\ncoyle\downloads\c++ class files\cppassign5-master\debug\binarytest.obj
c:\users\ncoyle\downloads\c++ class files\cppassign5-master\debug\bitmap.obj
c:\users\ncoyle\downloads\c++ class files\cppassign5-master\debug\bitmapiterator.obj
c:\users\ncoyle\downloads\c++ class files\cppassign5-master\debug\bitmapiteratordecorator.obj
c:\users\ncoyle\downloads\c++ class files\cppassign5-master\debug\brightnessdecorator.obj
c:\users\ncoyle\downloads\c++ class files\cppassign5-master\debug\codeclibrary.obj
c:\users\ncoyle\downloads\c++ class files\cppassign5-master\debug\codeclibrarytest.obj
c:\users\ncoyle\downloads\c++ class files\cppassign5-master\debug\color.obj
c:\users\ncoyle\downloads\c++ class files\cppassign5-master\debug\colorinversiondecorator.obj
c:\users\ncoyle\downloads\c++ class files\cppassign5-master\debug\element.obj
c:\users\ncoyle\downloads\c++ class files\cppassign5-master\debug\failure.obj
c:\users\ncoyle\downloads\c++ class files\cppassign5-master\debug\layer.obj
c:\users\ncoyle\downloads\c++ class files\cppassign5-master\debug\layertest.obj
c:\users\ncoyle\downloads\c++ class files\cppassign5-master\debug\lineiterator.obj
c:\users\ncoyle\downloads\c++ class files\cppassign5-master\debug\main.obj
c:\users\ncoyle\downloads\c++ class files\cppassign5-master\debug\parse.obj
c:\users\ncoyle\downloads\c++ class files\cppassign5-master\debug\placedgraphic.obj
c:\users\ncoyle\downloads\c++ class files\cppassign5-master\debug\placedgraphictest.obj
c:\users\ncoyle\downloads\c++ class files\cppassign5-master\debug\point.obj
c:\users\ncoyle\downloads\c++ class files\cppassign5-master\debug\basiccanvas.obj
c:\users\ncoyle\downloads\c++ class files\cppassign5-master\debug\basiccanvastest.obj
c:\users\ncoyle\downloads\c++ class files\cppassign5-master\debug\pen.obj
c:\users\ncoyle\downloads\c++ class files\cppassign5-master\debug\assignment5.exe
c:\users\ncoyle\downloads\c++ class files\cppassign5-master\debug\assignment5.ilk
c:\users\ncoyle\downloads\c++ class files\cppassign5-master\debug\assignment5.pdb
c:\users\ncoyle\downloads\c++ class files\cppassign5-master\debug\assignment5.tlog\cl.command.1.tlog
c:\users\ncoyle\downloads\c++ class files\cppassign5-master\debug\assignment5.tlog\cl.read.1.tlog
c:\users\ncoyle\downloads\c++ class files\cppassign5-master\debug\assignment5.tlog\cl.write.1.tlog
c:\users\ncoyle\downloads\c++ class files\cppassign5-master\debug\assignment5.tlog\link.command.1.tlog
c:\users\ncoyle\downloads\c++ class files\cppassign5-master\debug\assignment5.tlog\link.read.1.tlog
c:\users\ncoyle\downloads\c++ class files\cppassign5-master\debug\assignment5.tlog\link.write.1.tlog
